DeprecationWarning: 'source deactivate' is deprecated. Use 'conda deactivate'.
Traceback (most recent call last):
  File "/home/aalanov/laith/REPA/generate.py", line 16, in <module>
    from models.sit import SiT_models
  File "/home/aalanov/laith/REPA/models/sit.py", line 13, in <module>
    from timm.models.vision_transformer import PatchEmbed, Attention, Mlp
  File "/home/aalanov/.conda/envs/repa/lib/python3.9/site-packages/timm/__init__.py", line 8, in <module>
    from .models import (
  File "/home/aalanov/.conda/envs/repa/lib/python3.9/site-packages/timm/models/__init__.py", line 1, in <module>
    from .beit import *
  File "/home/aalanov/.conda/envs/repa/lib/python3.9/site-packages/timm/models/beit.py", line 49, in <module>
    from timm.data import IMAGENET_DEFAULT_MEAN, IMAGENET_DEFAULT_STD
  File "/home/aalanov/.conda/envs/repa/lib/python3.9/site-packages/timm/data/__init__.py", line 5, in <module>
    from .dataset import ImageDataset, IterableImageDataset, AugMixDataset
  File "/home/aalanov/.conda/envs/repa/lib/python3.9/site-packages/timm/data/dataset.py", line 13, in <module>
    from .readers import create_reader
  File "/home/aalanov/.conda/envs/repa/lib/python3.9/site-packages/timm/data/readers/__init__.py", line 1, in <module>
    from .reader_factory import create_reader
  File "/home/aalanov/.conda/envs/repa/lib/python3.9/site-packages/timm/data/readers/reader_factory.py", line 4, in <module>
    from .reader_image_folder import ReaderImageFolder
  File "/home/aalanov/.conda/envs/repa/lib/python3.9/site-packages/timm/data/readers/reader_image_folder.py", line 11, in <module>
    from timm.utils.misc import natural_key
  File "/home/aalanov/.conda/envs/repa/lib/python3.9/site-packages/timm/utils/__init__.py", line 16, in <module>
    from .summary import update_summary, get_outdir
  File "/home/aalanov/.conda/envs/repa/lib/python3.9/site-packages/timm/utils/summary.py", line 9, in <module>
    import wandb
  File "/home/aalanov/.local/lib/python3.9/site-packages/wandb/__init__.py", line 27, in <module>
    from wandb import sdk as wandb_sdk
  File "/home/aalanov/.local/lib/python3.9/site-packages/wandb/sdk/__init__.py", line 25, in <module>
    from .artifacts.artifact import Artifact
  File "/home/aalanov/.local/lib/python3.9/site-packages/wandb/sdk/artifacts/artifact.py", line 35, in <module>
    from wandb import data_types, env, util
  File "/home/aalanov/.local/lib/python3.9/site-packages/wandb/data_types.py", line 33, in <module>
    from .sdk.data_types import _dtypes
  File "/home/aalanov/.local/lib/python3.9/site-packages/wandb/sdk/data_types/_dtypes.py", line 396, in <module>
    NumberType.types.append(np.float_)
  File "/home/aalanov/.conda/envs/repa/lib/python3.9/site-packages/numpy/__init__.py", line 397, in __getattr__
    raise AttributeError(
AttributeError: `np.float_` was removed in the NumPy 2.0 release. Use `np.float64` instead.
E0115 14:03:08.964695 199314 site-packages/torch/distributed/elastic/multiprocessing/api.py:869] failed (exitcode: 1) local_rank: 0 (pid: 199731) of binary: /home/aalanov/.conda/envs/repa/bin/python3.9
Traceback (most recent call last):
  File "/home/aalanov/.conda/envs/repa/bin/torchrun", line 7, in <module>
    sys.exit(main())
  File "/home/aalanov/.conda/envs/repa/lib/python3.9/site-packages/torch/distributed/elastic/multiprocessing/errors/__init__.py", line 355, in wrapper
    return f(*args, **kwargs)
  File "/home/aalanov/.conda/envs/repa/lib/python3.9/site-packages/torch/distributed/run.py", line 918, in main
    run(args)
  File "/home/aalanov/.conda/envs/repa/lib/python3.9/site-packages/torch/distributed/run.py", line 909, in run
    elastic_launch(
  File "/home/aalanov/.conda/envs/repa/lib/python3.9/site-packages/torch/distributed/launcher/api.py", line 138, in __call__
    return launch_agent(self._config, self._entrypoint, list(args))
  File "/home/aalanov/.conda/envs/repa/lib/python3.9/site-packages/torch/distributed/launcher/api.py", line 269, in launch_agent
    raise ChildFailedError(
torch.distributed.elastic.multiprocessing.errors.ChildFailedError: 
============================================================
generate.py FAILED
------------------------------------------------------------
Failures:
  <NO_OTHER_FAILURES>
------------------------------------------------------------
Root Cause (first observed failure):
[0]:
  time      : 2026-01-15_14:03:08
  host      : cn-009.localdomain
  rank      : 0 (local_rank: 0)
  exitcode  : 1 (pid: 199731)
  error_file: <N/A>
  traceback : To enable traceback see: https://pytorch.org/docs/stable/elastic/errors.html
============================================================
