/home/aalanov/.conda/envs/repa/bin/python
['', '/home/aalanov/.conda/envs/repa/lib/python39.zip', '/home/aalanov/.conda/envs/repa/lib/python3.9', '/home/aalanov/.conda/envs/repa/lib/python3.9/lib-dynload', '/home/aalanov/.local/lib/python3.9/site-packages', '/home/aalanov/.conda/envs/repa/lib/python3.9/site-packages']
2.6.0+cu124
0.21.0+cu124

===================================BUG REPORT===================================
Welcome to bitsandbytes. For bug reports, please run

python -m bitsandbytes

 and submit this information together with your error trace to: https://github.com/TimDettmers/bitsandbytes/issues
================================================================================
bin /home/aalanov/.local/lib/python3.9/site-packages/bitsandbytes/libbitsandbytes_cuda122_nocublaslt.so
False
CUDA SETUP: CUDA runtime path found: /usr/local/cuda-12.2/lib64/libcudart.so
CUDA SETUP: Highest compute capability among GPUs detected: 7.0
CUDA SETUP: Detected CUDA version 122
CUDA SETUP: Required library version not found: libbitsandbytes_cuda122_nocublaslt.so. Maybe you need to compile it from source?
CUDA SETUP: Defaulting to libbitsandbytes_cpu.so...

================================================ERROR=====================================
CUDA SETUP: CUDA detection failed! Possible reasons:
1. CUDA driver not installed
2. CUDA not installed
3. You have multiple conflicting CUDA libraries
4. Required library not pre-compiled for this bitsandbytes release!
CUDA SETUP: If you compiled from source, try again with `make CUDA_VERSION=DETECTED_CUDA_VERSION` for example, `make CUDA_VERSION=113`.
CUDA SETUP: The CUDA version for the compile might depend on your conda install. Inspect CUDA version via `conda list | grep cuda`.
================================================================================

CUDA SETUP: Something unexpected happened. Please compile from source:
git clone git@github.com:TimDettmers/bitsandbytes.git
cd bitsandbytes
CUDA_VERSION=122_nomatmul
python setup.py install
CUDA SETUP: Setup Failed!
