[rank0]: Traceback (most recent call last):
[rank0]:   File "/home/aalanov/laith/REPA/generate.py", line 214, in <module>
[rank0]:     main(args)
[rank0]:   File "/home/aalanov/laith/REPA/generate.py", line 88, in main
[rank0]:     vae = AutoencoderKL.from_pretrained(f"stabilityai/sd-vae-ft-{args.vae}").to(device)
[rank0]:   File "/home/aalanov/.conda/envs/repa/lib/python3.9/site-packages/huggingface_hub/utils/_validators.py", line 114, in _inner_fn
[rank0]:     return fn(*args, **kwargs)
[rank0]:   File "/home/aalanov/.conda/envs/repa/lib/python3.9/site-packages/diffusers/models/modeling_utils.py", line 1201, in from_pretrained
[rank0]:     resolved_model_file = _get_model_file(
[rank0]:   File "/home/aalanov/.conda/envs/repa/lib/python3.9/site-packages/huggingface_hub/utils/_validators.py", line 114, in _inner_fn
[rank0]:     return fn(*args, **kwargs)
[rank0]:   File "/home/aalanov/.conda/envs/repa/lib/python3.9/site-packages/diffusers/utils/hub_utils.py", line 290, in _get_model_file
[rank0]:     model_file = hf_hub_download(
[rank0]:   File "/home/aalanov/.conda/envs/repa/lib/python3.9/site-packages/huggingface_hub/utils/_validators.py", line 114, in _inner_fn
[rank0]:     return fn(*args, **kwargs)
[rank0]:   File "/home/aalanov/.conda/envs/repa/lib/python3.9/site-packages/huggingface_hub/file_download.py", line 1007, in hf_hub_download
[rank0]:     return _hf_hub_download_to_cache_dir(
[rank0]:   File "/home/aalanov/.conda/envs/repa/lib/python3.9/site-packages/huggingface_hub/file_download.py", line 1168, in _hf_hub_download_to_cache_dir
[rank0]:     _download_to_tmp_and_move(
[rank0]:   File "/home/aalanov/.conda/envs/repa/lib/python3.9/site-packages/huggingface_hub/file_download.py", line 1720, in _download_to_tmp_and_move
[rank0]:     xet_get(
[rank0]:   File "/home/aalanov/.conda/envs/repa/lib/python3.9/site-packages/huggingface_hub/file_download.py", line 626, in xet_get
[rank0]:     download_files(
[rank0]: RuntimeError: Data processing error: CAS service error : ReqwestMiddleware Error: Request failed after 5 retries
[rank0]:[W116 15:59:01.109749644 ProcessGroupNCCL.cpp:1496] Warning: WARNING: destroy_process_group() was not called before program exit, which can leak resources. For more info, please see https://pytorch.org/docs/stable/distributed.html#shutdown (function operator())
E0116 15:59:02.386775 54977 site-packages/torch/distributed/elastic/multiprocessing/api.py:869] failed (exitcode: 1) local_rank: 0 (pid: 55024) of binary: /home/aalanov/.conda/envs/repa/bin/python3.9
Traceback (most recent call last):
  File "/home/aalanov/.conda/envs/repa/bin/torchrun", line 7, in <module>
    sys.exit(main())
  File "/home/aalanov/.conda/envs/repa/lib/python3.9/site-packages/torch/distributed/elastic/multiprocessing/errors/__init__.py", line 355, in wrapper
    return f(*args, **kwargs)
  File "/home/aalanov/.conda/envs/repa/lib/python3.9/site-packages/torch/distributed/run.py", line 918, in main
    run(args)
  File "/home/aalanov/.conda/envs/repa/lib/python3.9/site-packages/torch/distributed/run.py", line 909, in run
    elastic_launch(
  File "/home/aalanov/.conda/envs/repa/lib/python3.9/site-packages/torch/distributed/launcher/api.py", line 138, in __call__
    return launch_agent(self._config, self._entrypoint, list(args))
  File "/home/aalanov/.conda/envs/repa/lib/python3.9/site-packages/torch/distributed/launcher/api.py", line 269, in launch_agent
    raise ChildFailedError(
torch.distributed.elastic.multiprocessing.errors.ChildFailedError: 
============================================================
generate.py FAILED
------------------------------------------------------------
Failures:
  <NO_OTHER_FAILURES>
------------------------------------------------------------
Root Cause (first observed failure):
[0]:
  time      : 2026-01-16_15:59:02
  host      : cn-005.localdomain
  rank      : 0 (local_rank: 0)
  exitcode  : 1 (pid: 55024)
  error_file: <N/A>
  traceback : To enable traceback see: https://pytorch.org/docs/stable/elastic/errors.html
============================================================
