[rank0]: Traceback (most recent call last):
[rank0]:   File "/home/aalanov/laith/REPA/generate.py", line 214, in <module>
[rank0]:     main(args)
[rank0]:   File "/home/aalanov/laith/REPA/generate.py", line 88, in main
[rank0]:     vae = AutoencoderKL.from_pretrained("/home/aalanov/.cache/huggingface/hub/models--stabilityai--sd-vae-ft-mse",local_files_only=True).to(device)
[rank0]:   File "/home/aalanov/.conda/envs/repa/lib/python3.9/site-packages/huggingface_hub/utils/_validators.py", line 114, in _inner_fn
[rank0]:     return fn(*args, **kwargs)
[rank0]:   File "/home/aalanov/.conda/envs/repa/lib/python3.9/site-packages/diffusers/models/modeling_utils.py", line 1062, in from_pretrained
[rank0]:     config, unused_kwargs, commit_hash = cls.load_config(
[rank0]:   File "/home/aalanov/.conda/envs/repa/lib/python3.9/site-packages/huggingface_hub/utils/_validators.py", line 114, in _inner_fn
[rank0]:     return fn(*args, **kwargs)
[rank0]:   File "/home/aalanov/.conda/envs/repa/lib/python3.9/site-packages/diffusers/configuration_utils.py", line 386, in load_config
[rank0]:     raise EnvironmentError(
[rank0]: OSError: Error no file named config.json found in directory /home/aalanov/.cache/huggingface/hub/models--stabilityai--sd-vae-ft-mse.
[rank0]:[W116 16:42:33.773069222 ProcessGroupNCCL.cpp:1496] Warning: WARNING: destroy_process_group() was not called before program exit, which can leak resources. For more info, please see https://pytorch.org/docs/stable/distributed.html#shutdown (function operator())
E0116 16:42:34.376024 32571 site-packages/torch/distributed/elastic/multiprocessing/api.py:869] failed (exitcode: 1) local_rank: 0 (pid: 32605) of binary: /home/aalanov/.conda/envs/repa/bin/python3.9
Traceback (most recent call last):
  File "/home/aalanov/.conda/envs/repa/bin/torchrun", line 7, in <module>
    sys.exit(main())
  File "/home/aalanov/.conda/envs/repa/lib/python3.9/site-packages/torch/distributed/elastic/multiprocessing/errors/__init__.py", line 355, in wrapper
    return f(*args, **kwargs)
  File "/home/aalanov/.conda/envs/repa/lib/python3.9/site-packages/torch/distributed/run.py", line 918, in main
    run(args)
  File "/home/aalanov/.conda/envs/repa/lib/python3.9/site-packages/torch/distributed/run.py", line 909, in run
    elastic_launch(
  File "/home/aalanov/.conda/envs/repa/lib/python3.9/site-packages/torch/distributed/launcher/api.py", line 138, in __call__
    return launch_agent(self._config, self._entrypoint, list(args))
  File "/home/aalanov/.conda/envs/repa/lib/python3.9/site-packages/torch/distributed/launcher/api.py", line 269, in launch_agent
    raise ChildFailedError(
torch.distributed.elastic.multiprocessing.errors.ChildFailedError: 
============================================================
generate.py FAILED
------------------------------------------------------------
Failures:
  <NO_OTHER_FAILURES>
------------------------------------------------------------
Root Cause (first observed failure):
[0]:
  time      : 2026-01-16_16:42:34
  host      : cn-012.localdomain
  rank      : 0 (local_rank: 0)
  exitcode  : 1 (pid: 32605)
  error_file: <N/A>
  traceback : To enable traceback see: https://pytorch.org/docs/stable/elastic/errors.html
============================================================
